wasm-ld: error: obj/cubby.o: undefined symbol: vtable for LongNumberValue
wasm-ld: error: obj/speak.o: undefined symbol: IID_IUnknown
wasm-ld: error: obj/speak.o: undefined symbol: IID_ITTSBufNotifySink
wasm-ld: error: obj/speak.o: undefined symbol: IID_IUnknown
wasm-ld: error: obj/speak.o: undefined symbol: IID_ITTSNotifySinkA
wasm-ld: error: obj/speak.o: undefined symbol: IID_ITTSBufNotifySink
wasm-ld: error: obj/speak.o: undefined symbol: IID_ITTSBufNotifySink
wasm-ld: error: obj/speak.o: undefined symbol: CLSID_TTSEnumerator
wasm-ld: error: obj/speak.o: undefined symbol: IID_ITTSFindW
wasm-ld: error: obj/speak.o: undefined symbol: CLSID_AudioDestDirect
wasm-ld: error: obj/speak.o: undefined symbol: IID_IAudioDirect
wasm-ld: error: obj/speak.o: undefined symbol: IID_IDirectSound
wasm-ld: error: obj/speak.o: undefined symbol: CLSID_MMAudioDest
wasm-ld: error: obj/speak.o: undefined symbol: IID_IAudioMultiMediaDevice
wasm-ld: error: obj/speak.o: undefined symbol: IID_ITTSAttributesA
wasm-ld: error: obj/speak.o: undefined symbol: IID_ITTSNotifySinkW
wasm-ld: error: obj/speak.o: undefined symbol: IID_ITTSNotifySinkW
wasm-ld: error: obj/speak.o: undefined symbol: IID_ITTSBufNotifySink
wasm-ld: error: obj/speak.o: undefined symbol: IID_ITTSBufNotifySink
wasm-ld: error: obj/utils.o: undefined symbol: CLSID_ShellLink
wasm-ld: error: too many errors emitted, stopping now (use -error-limit=0 to see all errors)
emcc: error: ''C:/Users/toont/dev/emsdk/upstream/bin\wasm-ld.exe' -o C:/Users/toont/AppData/Local/Temp/tt.wasm 'C:\Users\toont\AppData\Local\Temp\tmpz5gjvrfalibemscripten_js_symbols.so' -Bstatic --import-undefined --strip-debug --export-if-defined=emscripten_stack_get_end --export-if-defined=emscripten_stack_get_free --export-if-defined=emscripten_stack_get_base --export-if-defined=emscripten_stack_get_current --export-if-defined=emscripten_stack_init --export-if-defined=_emscripten_stack_alloc --export-if-defined=__wasm_call_ctors --export-if-defined=_emscripten_stack_restore --export-if-defined=__start_em_asm --export-if-defined=__stop_em_asm --export-if-defined=__start_em_lib_deps --export-if-defined=__stop_em_lib_deps --export-if-defined=__start_em_js --export-if-defined=__stop_em_js --export-if-defined=main --export-if-defined=__main_argc_argv --export-if-defined=fflush --export-table -z stack-size=65536 --no-growable-memory --initial-heap=16777216 --no-entry --stack-first --table-base=1 obj/animate.o obj/bckgrnd.o obj/bird.o obj/blit.o obj/block.o obj/bomb.o obj/cache.o obj/city.o obj/cleanup.o obj/Constant.o obj/cubby.o obj/dirty.o obj/dsutil.o obj/event.o obj/floor.o obj/globals.o obj/help.o obj/house.o obj/input.o obj/java.o obj/log.o obj/Main.o obj/martian.o obj/mouse.o obj/number.o obj/pad.o obj/picture.o obj/prgrmmr.o obj/puzzle.o obj/quadtree.o obj/Region.o obj/robot.o obj/room.o obj/screen.o obj/sound.o obj/speak.o obj/sprite.o obj/sprites.o obj/text.o obj/thought.o obj/tools.o obj/truck.o obj/user.o obj/utils.o obj/wave.o obj/wingutil.o obj/winmain.o '-LC:\Users\toont\dev\emsdk\upstream\emscripten\cache\sysroot\lib\wasm32-emscripten' '-LC:\Users\toont\dev\emsdk\upstream\emscripten\src\lib' -lGL-getprocaddr -lal -lhtml5 -lstubs-debug -lnoexit -lc-debug -ldlmalloc-debug -lclang_rt.builtins -lc++-debug-noexcept -lc++abi-debug-noexcept -lsockets -mllvm -combiner-global-alias-analysis=false -mllvm -enable-emscripten-sjlj -mllvm -disable-lsr' failed (returned 1)
